<?xml version="1.0" encoding="UTF-8"?>
<!-- Generated by org.testng.reporters.JUnitReportReporter -->
<testsuite hostname="sony-VAIO" name="Gmail_login" tests="1" failures="0" timestamp="2 Feb 2017 06:35:22 GMT" time="0.032" errors="0">
  <testcase name="TestGmailLogin" time="0.032" classname="Gmail_login"/>
</testsuite> <!-- Gmail_login -->
